[20:29:08.831] [INFO] Storybook Upgrade - v9.0.13
[20:29:08.839] [INFO] detect-projects-spinner-start: Detecting projects...
[20:29:08.840] [DEBUG] Finding Storybook projects...
[20:29:08.974] [DEBUG] Found 1 Storybook projects
[20:29:08.974] [INFO] detect-projects-spinner: Detecting projects: 1 projects
[20:29:08.975] [DEBUG] Getting Storybook data...
[20:29:08.975] [DEBUG] Getting Storybook info...
[20:29:08.975] [DEBUG] Loading main config...
[20:29:09.002] [DEBUG] Getting stories paths...
[20:29:09.012] [DEBUG] Getting package manager...
[20:29:09.218] [DEBUG] Getting Storybook version...
[20:29:09.219] [DEBUG] /.storybook - Validating before version... 8.6.14
[20:29:09.219] [DEBUG] /.storybook - Validating upgrade compatibility...
[20:29:09.219] [DEBUG] /.storybook - Fetching NPM version information...
[20:29:09.219] [DEBUG] Getting CLI versions from NPM for storybook...
[20:29:09.220] [DEBUG] Getting CLI versions from NPM for storybook@next...
[20:29:09.786] [DEBUG] /.storybook - Evaluating blockers...
[20:29:09.788] [DEBUG] Getting installed version for @storybook/experimental-addon-test...
[20:29:10.444] [INFO] detect-projects-spinner-stop: 1 project detected
[20:29:10.445] [DEBUG] Found 1 valid projects and 0 error projects
[20:29:10.445] [INFO] Upgrading from 8.6.14 to 9.0.13
[20:29:10.451] [INFO] upgrade-dependencies-task-start: Fetching versions to update package.json files..
[20:29:10.451] [DEBUG] Updating dependencies in /.storybook...
[20:29:10.456] [INFO] upgrade-dependencies-task: /package.json
[20:29:10.457] [DEBUG] {
  "upgradedDependencies": []
}
[20:29:10.457] [DEBUG] {
  "upgradedDevDependencies": [
    "@storybook/addon-links@^9.0.13",
    "@storybook/react@^9.0.13",
    "@storybook/react-vite@^9.0.13",
    "storybook@^9.0.13"
  ]
}
[20:29:10.457] [DEBUG] {
  "upgradedPeerDependencies": []
}
[20:29:10.459] [DEBUG] Getting CLI versions from NPM for @storybook/addon-links...
[20:29:11.161] [DEBUG] Getting CLI versions from NPM for @storybook/react...
[20:29:12.955] [DEBUG] Getting CLI versions from NPM for @storybook/react-vite...
[20:29:14.686] [DEBUG] Using cached version for storybook...
[20:29:14.689] [INFO] upgrade-dependencies-task-success: Updated package versions in package.json files
[20:29:14.689] [INFO] detect-automigrations-task-start: Detecting automigrations...
[20:29:14.689] [DEBUG] Starting automigration collection across 1 projects and 15 fixes...
[20:29:14.695] [INFO] detect-automigrations-task: Checking automigrations for /.storybook...
[20:29:14.695] [DEBUG] Processing project: /.storybook
[20:29:14.695] [DEBUG] Checking fix eslintPlugin for project /.storybook...
[20:29:14.698] [DEBUG] Checking fix addon-mdx-gfm-remove for project /.storybook...
[20:29:14.698] [DEBUG] Checking fix addon-storysource-code-panel for project /.storybook...
[20:29:14.698] [DEBUG] Checking fix upgrade-storybook-related-dependencies for project /.storybook...
[20:29:14.698] [DEBUG] Checking for incompatible storybook packages...
[20:29:14.699] [DEBUG] Getting installed version for @storybook/addon-essentials...
[20:29:15.881] [DEBUG] An issue occurred while trying to find dependencies metadata using npm.
[20:29:15.881] [DEBUG] Getting CLI versions from NPM for @storybook/addon-essentials...
[20:29:17.620] [DEBUG] Checking fix initial-globals for project /.storybook...
[20:29:17.635] [DEBUG] Checking fix addon-a11y-addon-test for project /.storybook...
[20:29:17.636] [DEBUG] Checking fix consolidated-imports for project /.storybook...
[20:29:17.636] [DEBUG] Checking fix addon-experimental-test for project /.storybook...
[20:29:17.636] [DEBUG] Using cached installed version for @storybook/experimental-addon-test...
[20:29:17.636] [DEBUG] Checking fix rnstorybook-config for project /.storybook...
[20:29:17.636] [DEBUG] Checking fix remove-addon-interactions for project /.storybook...
[20:29:17.636] [DEBUG] Checking fix renderer-to-framework for project /.storybook...
[20:29:17.636] [DEBUG] Checking fix remove-essential-addons for project /.storybook...
[20:29:17.637] [DEBUG] Checking fix addon-a11y-parameters for project /.storybook...
[20:29:17.637] [DEBUG] Checking fix remove-docs-autodocs for project /.storybook...
[20:29:17.639] [DEBUG] Checking fix wrap-require for project /.storybook...
[20:29:17.648] [INFO] detect-automigrations-task: 
Automigrations detected:
[20:29:17.653] [INFO] detect-automigrations-task: ✔ renderer-to-framework
[20:29:17.660] [INFO] detect-automigrations-task: ✔ remove-essential-addons
[20:29:17.664] [INFO] detect-automigrations-task: ✔ remove-docs-autodocs
[20:29:17.664] [INFO] detect-automigrations-task-success: 3 automigration(s) detected
[20:30:31.194] [PROMPT] Select automigrations to run {"choice":["renderer-to-framework","remove-essential-addons","remove-docs-autodocs"]}
[20:30:31.195] [INFO] automigrate-/.storybook-task-start: Running automigrations for /.storybook
[20:30:31.195] [DEBUG] 
Migrating @storybook/react to @storybook/react-vite
[20:30:31.248] [DEBUG] Updating package.json files...
[20:30:31.258] [INFO] automigrate-/.storybook-task: ✔ renderer-to-framework
[20:30:31.260] [DEBUG] Uninstalling @storybook/addon-essentials
[20:30:31.261] [DEBUG] Removing '@storybook/addon-essentials' from main.js addons field.
[20:30:31.272] [DEBUG] Getting Storybook info...
[20:30:31.273] [DEBUG] Loading main config...
[20:30:31.275] [DEBUG] Getting stories paths...
[20:30:31.276] [DEBUG] Getting package manager...
[20:30:31.294] [DEBUG] Getting Storybook version...
[20:30:31.307] [INFO] automigrate-/.storybook-task: Verifying @storybook/addon-docs
[20:30:31.315] [INFO] automigrate-/.storybook-task: Installing @storybook/addon-docs@^9.0.13
[20:30:31.315] [DEBUG] Getting CLI versions from NPM for @storybook/addon-docs...
[20:30:32.143] [INFO] automigrate-/.storybook-task: Adding '@storybook/addon-docs' to the "addons" field in
/Users/ankit/projects/per/react-daisyui/.storybook/main.ts
[20:30:32.160] [INFO] automigrate-/.storybook-task: ✔ remove-essential-addons
[20:30:32.167] [INFO] automigrate-/.storybook-task: 🔄 Updating docs parameter in main config file...
[20:30:32.177] [INFO] automigrate-/.storybook-task: ✔ remove-docs-autodocs
[20:30:32.177] [INFO] automigrate-/.storybook-task-success: Completed automigrations for /.storybook
[20:30:32.177] [INFO] Installing dependencies...
[20:30:32.177] [INFO] install-dependencies-task-start: Installing dependencies...
[20:30:39.847] [INFO] added 108 packages, removed 27 packages, changed 10 packages, and audited 1312 packages in 8s
[20:30:39.855] [INFO] install-dependencies-task: added 108 packages, removed 27 packages, changed 10 packages, and audited 1312
packages in 8s
[20:30:39.855] [INFO] 309 packages are looking for funding
  run `npm fund` for details

2 moderate severity vulnerabilities

To address all issues (including breaking changes), run:
  npm audit fix --force

Run `npm audit` for details.
[20:30:39.861] [INFO] install-dependencies-task: 309 packages are looking for funding
run `npm fund` for details

2 moderate severity vulnerabilities

To address all issues (including breaking changes), run:
npm audit fix --force

Run `npm audit` for details.
[20:30:39.865] [INFO] Dependencies installed
[20:30:39.865] [INFO] install-dependencies-task-success: Dependencies installed
[20:30:39.865] [INFO] Checking the health of your project(s)..
[20:30:39.872] [ERROR] Failed to run doctor checks for project ./.storybook:
Error: No Storybook dependencies found in the package.json
[20:30:39.877] [ERROR] /.storybook: 1 problem found
[20:30:39.882] [INFO] Failed to run doctor checks: No Storybook dependencies found in the package.json
[20:30:39.882] [INFO] Configuration Error
[20:30:39.888] [INFO] Failed to run doctor checks: No Storybook dependencies found in the package.json
[20:30:39.893] [INFO] Storybook doctor is complete!
[20:30:39.898] [INFO] You can always recheck the health of your project(s) by running:
npx storybook doctor
[20:30:39.903] [INFO] The upgrade is complete!
[20:30:39.909] [INFO] Your project(s) have been upgraded successfully, but some issues were found which need your attention, please check Storybook doctor logs above.
[20:30:39.929] [INFO] If you want to learn more about the automigrations that executed in your project(s), please check the following links:

• renderer-to-framework
• remove-essential-addons
• remove-docs-autodocs
[20:30:39.935] [INFO] For a full list of changes, please check our migration guide: https://storybook.js.org/docs/migration-guide